<?xml version="1.0" encoding="UTF-8"?>
<!-- Generated by org.testng.reporters.JUnitReportReporter -->
<testsuite skipped="0" hostname="Nagendras-MacBook-Pro.local" name="com.qa.hubspot.tests.HomePageTest" tests="3" failures="0" timestamp="01 Aug 2020 21:34:25 GMT" time="2.921" errors="0">
  <testcase name="verifyHomePageHeaderTest" time="2.814" classname="com.qa.hubspot.tests.HomePageTest"/>
  <testcase name="verifyLoggedInUser" time="0.104" classname="com.qa.hubspot.tests.HomePageTest"/>
  <testcase name="verifyHomePageTitleTest" time="0.003" classname="com.qa.hubspot.tests.HomePageTest"/>
</testsuite> <!-- com.qa.hubspot.tests.HomePageTest -->
