<?xml version="1.0" encoding="UTF-8"?>
<!-- Generated by org.testng.reporters.JUnitReportReporter -->
<testsuite skipped="0" hostname="Nagendras-MacBook-Pro.local" name="com.qa.hubspot.tests.LoginPageTest" tests="3" failures="0" timestamp="01 Aug 2020 21:34:25 GMT" time="5.056" errors="0">
  <testcase name="verifysignuplink" time="4.420" classname="com.qa.hubspot.tests.LoginPageTest"/>
  <testcase name="VerifyLoginPageTitleTest" time="0.009" classname="com.qa.hubspot.tests.LoginPageTest"/>
  <testcase name="loginTest" time="0.627" classname="com.qa.hubspot.tests.LoginPageTest"/>
</testsuite> <!-- com.qa.hubspot.tests.LoginPageTest -->
